<?xml version="1.0" encoding="UTF-8" standalone="no"?>
<testsuite errors="0" failures="2" name="io.cucumber.core.plugin.JUnitFormatter" skipped="0" tests="12" time="392.368">
<testcase classname="Registration | user should be able to sign up with new account" name="User could register with valid data" time="120.684">
<failure message="Timed out waiting for driver server to stop.&#10;Build info: version: '4.1.1', revision: 'e8fcc2cecf'&#10;System info: host: 'DESKTOP-TCQBU6F', ip: '192.168.1.8', os.name: 'Windows 10', os.arch: 'amd64', os.version: '10.0', java.version: '1.8.0_321'&#10;Driver info: org.openqa.selenium.chrome.ChromeDriver&#10;Command: [9752ffd9a7a45265ed5875cefc9af98e, quit {}]&#10;Capabilities {acceptInsecureCerts: false, browserName: chrome, browserVersion: 100.0.4896.127, chrome: {chromedriverVersion: 100.0.4896.60 (6a5d10861ce8..., userDataDir: C:\Users\KIMOST~1\AppData\L...}, goog:chromeOptions: {debuggerAddress: localhost:62726}, javascriptEnabled: true, networkConnectionEnabled: false, pageLoadStrategy: normal, platform: WINDOWS, platformName: WINDOWS, proxy: Proxy(), se:cdp: ws://localhost:62726/devtoo..., se:cdpVersion: 100.0.4896.127, setWindowRect: true, strictFileInteractability: false, timeouts: {implicit: 0, pageLoad: 300000, script: 30000}, unhandledPromptBehavior: dismiss and notify, webauthn:extension:credBlob: true, webauthn:extension:largeBlob: true, webauthn:virtualAuthenticators: true}&#10;Session ID: 9752ffd9a7a45265ed5875cefc9af98e" type="org.openqa.selenium.WebDriverException"><![CDATA[Given user click on register link...........................................passed
When user fills in his Personal Details with valid data.....................passed
And user fills in his Password with valid data..............................passed
And user clicks on register button..........................................passed
Then success message is displayed...........................................passed

StackTrace:
org.openqa.selenium.WebDriverException: Timed out waiting for driver server to stop.
Build info: version: '4.1.1', revision: 'e8fcc2cecf'
System info: host: 'DESKTOP-TCQBU6F', ip: '192.168.1.8', os.name: 'Windows 10', os.arch: 'amd64', os.version: '10.0', java.version: '1.8.0_321'
Driver info: org.openqa.selenium.chrome.ChromeDriver
Command: [9752ffd9a7a45265ed5875cefc9af98e, quit {}]
Capabilities {acceptInsecureCerts: false, browserName: chrome, browserVersion: 100.0.4896.127, chrome: {chromedriverVersion: 100.0.4896.60 (6a5d10861ce8..., userDataDir: C:\Users\KIMOST~1\AppData\L...}, goog:chromeOptions: {debuggerAddress: localhost:62726}, javascriptEnabled: true, networkConnectionEnabled: false, pageLoadStrategy: normal, platform: WINDOWS, platformName: WINDOWS, proxy: Proxy(), se:cdp: ws://localhost:62726/devtoo..., se:cdpVersion: 100.0.4896.127, setWindowRect: true, strictFileInteractability: false, timeouts: {implicit: 0, pageLoad: 300000, script: 30000}, unhandledPromptBehavior: dismiss and notify, webauthn:extension:credBlob: true, webauthn:extension:largeBlob: true, webauthn:virtualAuthenticators: true}
Session ID: 9752ffd9a7a45265ed5875cefc9af98e
	at org.openqa.selenium.remote.service.DriverCommandExecutor.execute(DriverCommandExecutor.java:132)
	at org.openqa.selenium.remote.RemoteWebDriver.execute(RemoteWebDriver.java:543)
	at org.openqa.selenium.remote.RemoteWebDriver.execute(RemoteWebDriver.java:598)
	at org.openqa.selenium.remote.RemoteWebDriver.execute(RemoteWebDriver.java:602)
	at org.openqa.selenium.remote.RemoteWebDriver.quit(RemoteWebDriver.java:439)
	at org.openqa.selenium.chromium.ChromiumDriver.quit(ChromiumDriver.java:287)
	at step_Definitions.Hooks.quitBrowser(Hooks.java:26)
Caused by: java.util.concurrent.ExecutionException: org.openqa.selenium.TimeoutException: Process timed out after waiting for 20000 ms.
Build info: version: '4.1.1', revision: 'e8fcc2cecf'
System info: host: 'DESKTOP-TCQBU6F', ip: '192.168.1.8', os.name: 'Windows 10', os.arch: 'amd64', os.version: '10.0', java.version: '1.8.0_321'
Driver info: driver.version: unknown
	at java.util.concurrent.CompletableFuture.reportGet(CompletableFuture.java:357)
	at java.util.concurrent.CompletableFuture.get(CompletableFuture.java:1928)
	at org.openqa.selenium.remote.service.DriverCommandExecutor.execute(DriverCommandExecutor.java:128)
	at org.openqa.selenium.remote.RemoteWebDriver.execute(RemoteWebDriver.java:543)
	at org.openqa.selenium.remote.RemoteWebDriver.execute(RemoteWebDriver.java:598)
	at org.openqa.selenium.remote.RemoteWebDriver.execute(RemoteWebDriver.java:602)
	at org.openqa.selenium.remote.RemoteWebDriver.quit(RemoteWebDriver.java:439)
	at org.openqa.selenium.chromium.ChromiumDriver.quit(ChromiumDriver.java:287)
	at step_Definitions.Hooks.quitBrowser(Hooks.java:26)
	at sun.reflect.NativeMethodAccessorImpl.invoke0(Native Method)
	at sun.reflect.NativeMethodAccessorImpl.invoke(NativeMethodAccessorImpl.java:62)
	at sun.reflect.DelegatingMethodAccessorImpl.invoke(DelegatingMethodAccessorImpl.java:43)
	at java.lang.reflect.Method.invoke(Method.java:498)
	at io.cucumber.java.Invoker.doInvoke(Invoker.java:66)
	at io.cucumber.java.Invoker.invokeStatic(Invoker.java:80)
	at io.cucumber.java.AbstractGlueDefinition.invokeMethod(AbstractGlueDefinition.java:45)
	at io.cucumber.java.JavaHookDefinition.execute(JavaHookDefinition.java:64)
	at io.cucumber.core.runner.CoreHookDefinition.execute(CoreHookDefinition.java:46)
	at io.cucumber.core.runner.HookDefinitionMatch.runStep(HookDefinitionMatch.java:21)
	at io.cucumber.core.runner.ExecutionMode$1.execute(ExecutionMode.java:10)
	at io.cucumber.core.runner.TestStep.executeStep(TestStep.java:86)
	at io.cucumber.core.runner.TestStep.run(TestStep.java:57)
	at io.cucumber.core.runner.TestCase.run(TestCase.java:101)
	at io.cucumber.core.runner.Runner.runPickle(Runner.java:75)
	at io.cucumber.junit.PickleRunners$NoStepDescriptions.lambda$run$0(PickleRunners.java:151)
	at io.cucumber.core.runtime.CucumberExecutionContext.lambda$runTestCase$3(CucumberExecutionContext.java:151)
	at io.cucumber.core.runtime.RethrowingThrowableCollector.executeAndThrow(RethrowingThrowableCollector.java:23)
	at io.cucumber.core.runtime.CucumberExecutionContext.runTestCase(CucumberExecutionContext.java:151)
	at io.cucumber.junit.PickleRunners$NoStepDescriptions.run(PickleRunners.java:148)
	at io.cucumber.junit.FeatureRunner.runChild(FeatureRunner.java:144)
	at io.cucumber.junit.FeatureRunner.runChild(FeatureRunner.java:28)
	at org.junit.runners.ParentRunner$4.run(ParentRunner.java:331)
	at org.junit.runners.ParentRunner$1.schedule(ParentRunner.java:79)
	at org.junit.runners.ParentRunner.runChildren(ParentRunner.java:329)
	at org.junit.runners.ParentRunner.access$100(ParentRunner.java:66)
	at org.junit.runners.ParentRunner$2.evaluate(ParentRunner.java:293)
	at org.junit.runners.ParentRunner$3.evaluate(ParentRunner.java:306)
	at org.junit.runners.ParentRunner.run(ParentRunner.java:413)
	at io.cucumber.junit.FeatureRunner.run(FeatureRunner.java:137)
	at io.cucumber.junit.Cucumber.runChild(Cucumber.java:196)
	at io.cucumber.junit.Cucumber.runChild(Cucumber.java:89)
	at org.junit.runners.ParentRunner$4.run(ParentRunner.java:331)
	at org.junit.runners.ParentRunner$1.schedule(ParentRunner.java:79)
	at org.junit.runners.ParentRunner.runChildren(ParentRunner.java:329)
	at org.junit.runners.ParentRunner.access$100(ParentRunner.java:66)
	at org.junit.runners.ParentRunner$2.evaluate(ParentRunner.java:293)
	at io.cucumber.junit.Cucumber$RunBeforeAllHooks.evaluate(Cucumber.java:266)
	at io.cucumber.junit.Cucumber$RunAfterAllHooks.evaluate(Cucumber.java:281)
	at io.cucumber.junit.Cucumber$StartTestRun.evaluate(Cucumber.java:233)
	at io.cucumber.junit.Cucumber$FinishTestRun.evaluate(Cucumber.java:248)
	at org.junit.runners.ParentRunner$3.evaluate(ParentRunner.java:306)
	at org.junit.runners.ParentRunner.run(ParentRunner.java:413)
	at org.junit.runner.JUnitCore.run(JUnitCore.java:137)
	at org.junit.runner.JUnitCore.run(JUnitCore.java:115)
	at org.testng.junit.JUnit4TestRunner.start(JUnit4TestRunner.java:81)
	at org.testng.junit.JUnit4TestRunner.run(JUnit4TestRunner.java:66)
	at org.testng.TestRunner$1.run(TestRunner.java:672)
	at java.util.ArrayList.forEach(ArrayList.java:1259)
	at org.testng.TestRunner.runJUnitWorkers(TestRunner.java:871)
	at org.testng.TestRunner.privateRunJUnit(TestRunner.java:701)
	at org.testng.TestRunner.run(TestRunner.java:594)
	at org.testng.SuiteRunner.runTest(SuiteRunner.java:377)
	at org.testng.SuiteRunner.runSequentially(SuiteRunner.java:371)
	at org.testng.SuiteRunner.privateRun(SuiteRunner.java:332)
	at org.testng.SuiteRunner.run(SuiteRunner.java:276)
	at org.testng.SuiteRunnerWorker.runSuite(SuiteRunnerWorker.java:53)
	at org.testng.SuiteRunnerWorker.run(SuiteRunnerWorker.java:96)
	at org.testng.TestNG.runSuitesSequentially(TestNG.java:1212)
	at org.testng.TestNG.runSuitesLocally(TestNG.java:1134)
	at org.testng.TestNG.runSuites(TestNG.java:1063)
	at org.testng.TestNG.run(TestNG.java:1031)
	at org.apache.maven.surefire.testng.TestNGExecutor.run(TestNGExecutor.java:135)
	at org.apache.maven.surefire.testng.TestNGDirectoryTestSuite.executeSingleClass(TestNGDirectoryTestSuite.java:112)
	at org.apache.maven.surefire.testng.TestNGDirectoryTestSuite.execute(TestNGDirectoryTestSuite.java:99)
	at org.apache.maven.surefire.testng.TestNGProvider.invoke(TestNGProvider.java:146)
	at org.apache.maven.surefire.booter.ForkedBooter.invokeProviderInSameClassLoader(ForkedBooter.java:384)
	at org.apache.maven.surefire.booter.ForkedBooter.runSuitesInProcess(ForkedBooter.java:345)
	at org.apache.maven.surefire.booter.ForkedBooter.execute(ForkedBooter.java:126)
	at org.apache.maven.surefire.booter.ForkedBooter.main(ForkedBooter.java:418)
Caused by: org.openqa.selenium.TimeoutException: Process timed out after waiting for 20000 ms.
Build info: version: '4.1.1', revision: 'e8fcc2cecf'
System info: host: 'DESKTOP-TCQBU6F', ip: '192.168.1.8', os.name: 'Windows 10', os.arch: 'amd64', os.version: '10.0', java.version: '1.8.0_321'
Driver info: driver.version: unknown
	at org.openqa.selenium.os.OsProcess.waitFor(OsProcess.java:174)
	at org.openqa.selenium.os.CommandLine.waitFor(CommandLine.java:127)
	at org.openqa.selenium.remote.service.DriverCommandExecutor.lambda$execute$2(DriverCommandExecutor.java:122)
	at java.util.concurrent.CompletableFuture$AsyncSupply.run(CompletableFuture.java:1604)
	at java.util.concurrent.ThreadPoolExecutor.runWorker(ThreadPoolExecutor.java:1149)
	at java.util.concurrent.ThreadPoolExecutor$Worker.run(ThreadPoolExecutor.java:624)
	at java.lang.Thread.run(Thread.java:750)
]]></failure>
</testcase>
<testcase classname="Login| The User must be already registered on the application" name="User could log in with valid email and password" time="27.245">
<system-out><![CDATA[Given user click on Login link..............................................passed
When user fills in his valid email and password.............................passed
And user clicks on Login button.............................................passed
Then user navigated to home page............................................passed
]]></system-out>
</testcase>
<testcase classname="Rest Password| The User must be already registered on the application in valid Email" name="User could reset his password successfully" time="22.199">
<system-out><![CDATA[Given user click on Login link..............................................passed
Given user clicks on Forgot password link...................................passed
When user Enter his valid Email.............................................passed
And user click on recover button............................................passed
Then confirm message is displayed...........................................passed
]]></system-out>
</testcase>
<testcase classname="Search | users will be able to search for products with different parameters" name="Logged User could search for any product" time="14.061">
<system-out><![CDATA[Given user click on Login link..............................................passed
When user fills in his valid email and password.............................passed
And user clicks on Login button.............................................passed
Given user clicks on search field...........................................passed
When user search with name of product.......................................passed
Then user could find relative results.......................................passed
]]></system-out>
</testcase>
<testcase classname="currencies| user will be able to search for products with different parameters" name="Logged User could switch between currencies US-Euro" time="13.675">
<system-out><![CDATA[Given user click on Login link..............................................passed
When user fills in his valid email and password.............................passed
And user clicks on Login button.............................................passed
Given the user click on the hamburger icon in the top left corner of the screen.passed
]]></system-out>
</testcase>
<testcase classname="Filter Color| user will be able to search for products with different parameters" name="Logged user could filter with color" time="16.241">
<system-out><![CDATA[Given user click on Login link..............................................passed
When user fills in his valid email and password.............................passed
And user clicks on Login button.............................................passed
Given user click on Apparel category........................................passed
When user click on shoes category...........................................passed
Then user choose the Gray color.............................................passed
]]></system-out>
</testcase>
<testcase classname="Categories | User must be already registered on the application" name="Logged user could select different Categories" time="14.755">
<system-out><![CDATA[Given user click on Login link..............................................passed
When user fills in his valid email and password.............................passed
And user clicks on Login button.............................................passed
Given user click on computer category.......................................passed
When user choose sub categories like a notebooks............................passed
]]></system-out>
</testcase>
<testcase classname="Tags | User must be already registered on the application" name="Logged user could select different tags" time="17.104">
<system-out><![CDATA[Given user click on Login link..............................................passed
When user fills in his valid email and password.............................passed
And user clicks on Login button.............................................passed
Given user click on different tags..........................................passed
]]></system-out>
</testcase>
<testcase classname="Shopping Cart | User must be already registered on the application" name="Logged user could add different products to Shopping cart" time="31.018">
<system-out><![CDATA[Given user click on Login link..............................................passed
When user fills in his valid email and password.............................passed
And user clicks on Login button.............................................passed
Given user click on Jewelry category........................................passed
When user add different products to Shopping cart...........................passed
And user go to Shopping cart................................................passed
Then count number of quantities.............................................passed
]]></system-out>
</testcase>
<testcase classname="Wishlist | User must be already registered on the application" name="Logged user could add different products to Wishlist" time="30.678">
<failure message="Index: 1, Size: 1" type="java.lang.IndexOutOfBoundsException"><![CDATA[Given user click on Login link..............................................passed
When user fills in his valid email and password.............................passed
And user clicks on Login button.............................................passed
Then user navigated to home page............................................passed
Given user click on Books category..........................................passed
When user add different products to wishlist................................passed
And user go to Wishlist.....................................................passed
Then count numbers of quantities............................................failed

StackTrace:
java.lang.IndexOutOfBoundsException: Index: 1, Size: 1
	at java.util.ArrayList.rangeCheck(ArrayList.java:659)
	at java.util.ArrayList.get(ArrayList.java:435)
	at step_Definitions.B09_WishlistStepDef.Quantities(B09_WishlistStepDef.java:32)
	at âœ½.count numbers of quantities(file:///C:/Users/Kimo%20Store/IdeaProjects/Automation_Project/src/main/resources/Features/A09_WishList.feature:14)
]]></failure>
</testcase>
<testcase classname="Compare list | User must be already registered on the application" name="Logged user could add different products to compare list" time="31.988">
<system-out><![CDATA[Given user click on Login link..............................................passed
When user fills in his valid email and password.............................passed
And user clicks on Login button.............................................passed
Then user navigated to home page............................................passed
Given user click on Gift Cards Category.....................................passed
When user add different products to compare list............................passed
And user go to compare product list.........................................passed
Then user clicks on clear list button.......................................passed
And Check for a confirmation message........................................passed
]]></system-out>
</testcase>
<testcase classname="Order | User must be already registered on the application" name="Create successful Order" time="51.395">
<system-out><![CDATA[Given user click on Login link..............................................passed
When user fills in his valid email and password.............................passed
And user clicks on Login button.............................................passed
Then user navigated to home page............................................passed
Given user click on Electronics category....................................passed
When user choose sub categories like a Cell phones..........................passed
And user Add the product want to buy in cart................................passed
And the user go to Shopping cart............................................passed
Then user click on terms....................................................passed
And user click on checkout button...........................................passed
When the user fills in his mandatory personal data..........................passed
And Ensure that the success message is displayed............................passed
]]></system-out>
</testcase>
</testsuite>
